<?xml version="1.0" encoding="UTF-8"?>
<!-- Generated by org.testng.reporters.JUnitXMLReporter -->
<testsuite ignored="8" hostname="DESKTOP-FSSPBR7" failures="0" tests="0" time="0.043" errors="0" timestamp="2025-11-10T12:03:33 IST">
  <testcase classname="Monday_Nov10.groupingtests.SignupTests" name="signupbyFacebook" time="0.0">
    <ignored/>
  </testcase> <!-- signupbyFacebook -->
  <testcase classname="Monday_Nov10.groupingtests.SignupTests" name="signupbyTwitter" time="0.0">
    <ignored/>
  </testcase> <!-- signupbyTwitter -->
  <testcase classname="Monday_Nov10.groupingtests.LoginTests" name="LoginbyTwitter" time="0.0">
    <ignored/>
  </testcase> <!-- LoginbyTwitter -->
  <testcase classname="Monday_Nov10.groupingtests.PaymentsTests" name="paymentbyCard" time="0.0">
    <ignored/>
  </testcase> <!-- paymentbyCard -->
  <testcase classname="Monday_Nov10.groupingtests.SignupTests" name="signupbyEmail" time="0.0">
    <ignored/>
  </testcase> <!-- signupbyEmail -->
  <testcase classname="Monday_Nov10.groupingtests.LoginTests" name="LoginbyEmail" time="0.0">
    <ignored/>
  </testcase> <!-- LoginbyEmail -->
  <testcase classname="Monday_Nov10.groupingtests.PaymentsTests" name="paymentbyUPI" time="0.0">
    <ignored/>
  </testcase> <!-- paymentbyUPI -->
  <testcase classname="Monday_Nov10.groupingtests.LoginTests" name="LoginbyFacebook" time="0.0">
    <ignored/>
  </testcase> <!-- LoginbyFacebook -->
</testsuite>
