<?xml version="1.0" encoding="UTF-8"?>
<!-- Generated by org.testng.reporters.JUnitXMLReporter -->
<testsuite ignored="0" hostname="DESKTOP-FSSPBR7" failures="0" tests="3" name="Test1" time="0.157" errors="0" timestamp="2025-11-04T08:23:53 IST">
  <testcase classname="tuesday_Nov4.annotations.C1" name="abc" time="0.01"/>
  <testcase classname="tuesday_Nov4.annotations.C2" name="xyz" time="0.004"/>
  <testcase classname="tuesday_Nov4.annotations.C3" name="pqr" time="0.005"/>
</testsuite> <!-- Test1 -->
