<?xml version="1.0" encoding="UTF-8"?>
<!-- Generated by org.testng.reporters.JUnitXMLReporter -->
<testsuite ignored="0" hostname="DESKTOP-FSSPBR7" failures="0" tests="3" name="Test2" time="0.056" errors="0" timestamp="2025-11-04T08:23:53 IST">
  <testcase classname="tuesday_Nov4.annotations.C1" name="abc" time="0.004"/>
  <testcase classname="tuesday_Nov4.annotations.C2" name="xyz" time="0.003"/>
  <testcase classname="tuesday_Nov4.annotations.C3" name="pqr" time="0.007"/>
</testsuite> <!-- Test2 -->
