<?xml version="1.0" encoding="UTF-8"?>
<testng-results ignored="0" total="1" passed="1" failed="0" skipped="0">
  <reporter-output>
  </reporter-output>
  <suite started-at="2025-11-11T17:41:29 IST" name="Default suite" finished-at="2025-11-11T17:41:29 IST" duration-ms="55">
    <groups>
    </groups>
    <test started-at="2025-11-11T17:41:29 IST" name="Default test" finished-at="2025-11-11T17:41:29 IST" duration-ms="55">
      <class name="chandrikapractice.SampleForGitHubPractice">
        <test-method signature="toPracticeGitHub()[pri:0, instance:chandrikapractice.SampleForGitHubPractice@2d3379b4]" started-at="2025-11-11T17:41:29 IST" name="toPracticeGitHub" finished-at="2025-11-11T17:41:29 IST" duration-ms="9" status="PASS">
          <reporter-output>
          </reporter-output>
        </test-method> <!-- toPracticeGitHub -->
      </class> <!-- chandrikapractice.SampleForGitHubPractice -->
    </test> <!-- Default test -->
  </suite> <!-- Default suite -->
</testng-results>
