<?xml version="1.0" encoding="UTF-8"?>
<!-- Generated by org.testng.reporters.JUnitReportReporter -->
<testsuite hostname="DESKTOP-FSSPBR7" failures="0" tests="4" name="monday_Nov3.OrangeHRMClass_01" time="14.696" errors="0" timestamp="2025-11-03T08:10:55 IST" skipped="0">
  <testcase classname="monday_Nov3.OrangeHRMClass_01" name="openapp" time="9.277"/>
  <testcase classname="monday_Nov3.OrangeHRMClass_01" name="testlogo" time="3.086"/>
  <testcase classname="monday_Nov3.OrangeHRMClass_01" name="login" time="1.767"/>
  <testcase classname="monday_Nov3.OrangeHRMClass_01" name="logout" time="0.566"/>
</testsuite> <!-- monday_Nov3.OrangeHRMClass_01 -->
