<?xml version="1.0" encoding="UTF-8"?>
<!-- Generated by org.testng.reporters.JUnitReportReporter -->
<testsuite hostname="DESKTOP-FSSPBR7" failures="0" tests="2" name="Monday_Nov10.groupingtests.PaymentsTests" time="0.030" errors="0" timestamp="2025-11-10T12:06:34 IST" skipped="0">
  <testcase classname="Monday_Nov10.groupingtests.PaymentsTests" name="paymentbyCard" time="0.023"/>
  <testcase classname="Monday_Nov10.groupingtests.PaymentsTests" name="paymentbyUPI" time="0.007"/>
</testsuite> <!-- Monday_Nov10.groupingtests.PaymentsTests -->
