<?xml version="1.0" encoding="UTF-8"?>
<!-- Generated by org.testng.reporters.JUnitReportReporter -->
<testsuite hostname="DESKTOP-FSSPBR7" failures="0" tests="3" name="Monday_Nov10.groupingtests.SignupTests" time="0.033" errors="0" timestamp="2025-11-10T12:00:42 IST" skipped="0">
  <testcase classname="Monday_Nov10.groupingtests.SignupTests" name="signupbyEmail" time="0.020"/>
  <testcase classname="Monday_Nov10.groupingtests.SignupTests" name="signupbyFacebook" time="0.003"/>
  <testcase classname="Monday_Nov10.groupingtests.SignupTests" name="signupbyTwitter" time="0.010"/>
</testsuite> <!-- Monday_Nov10.groupingtests.SignupTests -->
