<?xml version="1.0" encoding="UTF-8"?>
<!-- Generated by org.testng.reporters.JUnitReportReporter -->
<testsuite hostname="DESKTOP-FSSPBR7" failures="0" tests="3" name="Monday_Nov10.groupingtests.LoginTests" time="0.058" errors="0" timestamp="2025-11-10T12:00:42 IST" skipped="0">
  <testcase classname="Monday_Nov10.groupingtests.LoginTests" name="LoginbyEmail" time="0.037"/>
  <testcase classname="Monday_Nov10.groupingtests.LoginTests" name="LoginbyFacebook" time="0.011"/>
  <testcase classname="Monday_Nov10.groupingtests.LoginTests" name="LoginbyTwitter" time="0.010"/>
</testsuite> <!-- Monday_Nov10.groupingtests.LoginTests -->
