<?xml version="1.0" encoding="UTF-8"?>
<!-- Generated by org.testng.reporters.JUnitReportReporter -->
<testsuite hostname="DESKTOP-FSSPBR7" failures="0" tests="3" name="friday_Oct24_testnNGbasics.TestNGBasics" time="0.060" errors="0" timestamp="2025-10-27T19:47:09 IST" skipped="0">
  <testcase classname="friday_Oct24_testnNGbasics.TestNGBasics" name="login" time="0.028"/>
  <testcase classname="friday_Oct24_testnNGbasics.TestNGBasics" name="main" time="0.018"/>
  <testcase classname="friday_Oct24_testnNGbasics.TestNGBasics" name="logout" time="0.014"/>
</testsuite> <!-- friday_Oct24_testnNGbasics.TestNGBasics -->
