<?xml version="1.0" encoding="UTF-8"?>
<!-- Generated by org.testng.reporters.JUnitReportReporter -->
<testsuite hostname="DESKTOP-FSSPBR7" failures="0" tests="1" name="wednesday_Nov5.Assertions.HardAssertionsVsSoftAssertions" time="0.193" errors="0" timestamp="2025-11-06T12:23:44 IST" skipped="0">
  <testcase classname="wednesday_Nov5.Assertions.HardAssertionsVsSoftAssertions" name="assertcomparisons" time="0.193"/>
</testsuite> <!-- wednesday_Nov5.Assertions.HardAssertionsVsSoftAssertions -->
