<?xml version="1.0" encoding="UTF-8"?>
<!-- Generated by org.testng.reporters.JUnitReportReporter -->
<testsuite hostname="DESKTOP-FSSPBR7" failures="0" tests="2" name="tuesday_Nov4.annotations.ClassAnnotations2" time="0.056" errors="0" timestamp="2025-11-04T07:50:41 IST" skipped="0">
  <testcase classname="tuesday_Nov4.annotations.ClassAnnotations2" name="search" time="0.039"/>
  <testcase classname="tuesday_Nov4.annotations.ClassAnnotations2" name="advancesearch" time="0.017"/>
</testsuite> <!-- tuesday_Nov4.annotations.ClassAnnotations2 -->
