<?xml version="1.0" encoding="UTF-8"?>
<!-- Generated by org.testng.reporters.JUnitReportReporter -->
<testsuite hostname="DESKTOP-FSSPBR7" failures="0" tests="3" name="monday_Nov3.TestNGBasics" time="0.071" errors="0" timestamp="2025-11-03T08:10:55 IST" skipped="0">
  <testcase classname="monday_Nov3.TestNGBasics" name="login" time="0.049"/>
  <testcase classname="monday_Nov3.TestNGBasics" name="main" time="0.013"/>
  <testcase classname="monday_Nov3.TestNGBasics" name="logout" time="0.009"/>
</testsuite> <!-- monday_Nov3.TestNGBasics -->
