<?xml version="1.0" encoding="UTF-8"?>
<!-- Generated by org.testng.reporters.JUnitReportReporter -->
<testsuite hostname="DESKTOP-FSSPBR7" failures="0" tests="2" name="tuesday_Nov4.annotations.ClassAnnotations" time="0.120" errors="0" timestamp="2025-11-04T07:37:47 IST" skipped="0">
  <testcase classname="tuesday_Nov4.annotations.ClassAnnotations" name="search" time="0.104"/>
  <testcase classname="tuesday_Nov4.annotations.ClassAnnotations" name="advancesearch" time="0.016"/>
</testsuite> <!-- tuesday_Nov4.annotations.ClassAnnotations -->
