<?xml version="1.0" encoding="UTF-8"?>
<!-- Generated by org.testng.reporters.JUnitXMLReporter -->
<testsuite ignored="0" hostname="DESKTOP-FSSPBR7" failures="0" tests="7" name="test1" time="15.07" errors="0" timestamp="2025-11-03T08:10:55 IST">
  <testcase classname="monday_Nov3.TestNGBasics" name="login" time="0.049"/>
  <testcase classname="monday_Nov3.TestNGBasics" name="main" time="0.013"/>
  <testcase classname="monday_Nov3.TestNGBasics" name="logout" time="0.009"/>
  <testcase classname="monday_Nov3.OrangeHRMClass_01" name="openapp" time="9.277"/>
  <testcase classname="monday_Nov3.OrangeHRMClass_01" name="testlogo" time="3.086"/>
  <testcase classname="monday_Nov3.OrangeHRMClass_01" name="login" time="1.767"/>
  <testcase classname="monday_Nov3.OrangeHRMClass_01" name="logout" time="0.566"/>
</testsuite> <!-- test1 -->
